<?xml version="1.0" encoding="UTF-8"?>
<!-- Generated by org.testng.reporters.JUnitReportReporter -->
<testsuite hostname="DESKTOP-077RDC3" name="com.training.sanity.tests.UNF016_DeleteOrderFrom_Cart" tests="1" failures="0" timestamp="2 Dec 2019 09:51:13 GMT" time="32.514" errors="0">
  <testcase name="validLoginTest" time="32.514" classname="com.training.sanity.tests.UNF016_DeleteOrderFrom_Cart"/>
</testsuite> <!-- com.training.sanity.tests.UNF016_DeleteOrderFrom_Cart -->
