<?xml version="1.0" encoding="UTF-8"?>
<!-- Generated by org.testng.reporters.JUnitReportReporter -->
<testsuite hostname="DESKTOP-077RDC3" name="com.training.sanity.tests.LoginTests" tests="1" failures="0" timestamp="27 Nov 2019 11:28:18 GMT" time="16.086" errors="0">
  <testcase name="validLoginTest" time="16.086" classname="com.training.sanity.tests.LoginTests"/>
</testsuite> <!-- com.training.sanity.tests.LoginTests -->
